This is pdfTeX, Version 3.141592653-2.6-1.40.24 (TeX Live 2022) (preloaded format=pdflatex 2022.4.11)  4 JAN 2023 16:25
entering extended mode
 restricted \write18 enabled.
 file:line:error style messages enabled.
 %&-line parsing enabled.
**\input manuscript-diff.tex
 (./manuscript-diff.tex
(/usr/local/texlive/2022/texmf-dist/tex/latex/elsarticle/elsarticle.cls
Document Class: elsarticle 2020/11/20, 3.3: Elsevier Ltd
(/usr/local/texlive/2022/texmf-dist/tex/latex/l3kernel/expl3.sty
Package: expl3 2022-02-24 L3 programming layer (loader) 

(/usr/local/texlive/2022/texmf-dist/tex/latex/l3backend/l3backend-pdftex.def
File: l3backend-pdftex.def 2022-02-07 L3 backend support: PDF output (pdfTeX)
\l__color_backend_stack_int=\count185
\l__pdf_internal_box=\box50
))
(/usr/local/texlive/2022/texmf-dist/tex/latex/l3packages/xparse/xparse.sty
Package: xparse 2022-01-12 L3 Experimental document command parser
)
(/usr/local/texlive/2022/texmf-dist/tex/latex/etoolbox/etoolbox.sty
Package: etoolbox 2020/10/05 v2.5k e-TeX tools for LaTeX (JAW)
\etb@tempcnta=\count186
)
\@bls=\dimen138

(/usr/local/texlive/2022/texmf-dist/tex/latex/base/article.cls
Document Class: article 2021/10/04 v1.4n Standard LaTeX document class
(/usr/local/texlive/2022/texmf-dist/tex/latex/base/size10.clo
File: size10.clo 2021/10/04 v1.4n Standard LaTeX file (size option)
)
\c@part=\count187
\c@section=\count188
\c@subsection=\count189
\c@subsubsection=\count190
\c@paragraph=\count191
\c@subparagraph=\count192
\c@figure=\count193
\c@table=\count194
\abovecaptionskip=\skip47
\belowcaptionskip=\skip48
\bibindent=\dimen139
)
(/usr/local/texlive/2022/texmf-dist/tex/latex/graphics/graphicx.sty
Package: graphicx 2021/09/16 v1.2d Enhanced LaTeX Graphics (DPC,SPQR)

(/usr/local/texlive/2022/texmf-dist/tex/latex/graphics/keyval.sty
Package: keyval 2014/10/28 v1.15 key=value parser (DPC)
\KV@toks@=\toks16
)
(/usr/local/texlive/2022/texmf-dist/tex/latex/graphics/graphics.sty
Package: graphics 2021/03/04 v1.4d Standard LaTeX Graphics (DPC,SPQR)

(/usr/local/texlive/2022/texmf-dist/tex/latex/graphics/trig.sty
Package: trig 2021/08/11 v1.11 sin cos tan (DPC)
)
(/usr/local/texlive/2022/texmf-dist/tex/latex/graphics-cfg/graphics.cfg
File: graphics.cfg 2016/06/04 v1.11 sample graphics configuration
)
Package graphics Info: Driver file: pdftex.def on input line 107.

(/usr/local/texlive/2022/texmf-dist/tex/latex/graphics-def/pdftex.def
File: pdftex.def 2020/10/05 v1.2a Graphics/color driver for pdftex
))
\Gin@req@height=\dimen140
\Gin@req@width=\dimen141
)
\c@tnote=\count195
\c@fnote=\count196
\c@cnote=\count197
\c@ead=\count198
\c@author=\count199
\@eadauthor=\toks17
\c@affn=\count266
\absbox=\box51
\elsarticlehighlightsbox=\box52
\elsarticlegrabsbox=\box53
\keybox=\box54
\Columnwidth=\dimen142
\space@left=\dimen143
\els@boxa=\box55
\els@boxb=\box56
\leftMargin=\dimen144
\@enLab=\toks18
\@sep=\skip49
\@@sep=\skip50

(./manuscript-diff.spl)
(/usr/local/texlive/2022/texmf-dist/tex/latex/natbib/natbib.sty
Package: natbib 2010/09/13 8.31b (PWD, AO)
\bibhang=\skip51
\bibsep=\skip52
LaTeX Info: Redefining \cite on input line 694.
\c@NAT@ctr=\count267
)
\splwrite=\write3
\openout3 = `manuscript-diff.spl'.

\appnamewidth=\dimen145
)
(/usr/local/texlive/2022/texmf-dist/tex/latex/base/inputenc.sty
Package: inputenc 2021/02/14 v1.3d Input encoding file
\inpenc@prehook=\toks19
\inpenc@posthook=\toks20
)
(/usr/local/texlive/2022/texmf-dist/tex/latex/url/url.sty
\Urlmuskip=\muskip16
Package: url 2013/09/16  ver 3.4  Verb mode for urls, etc.
)
(/usr/local/texlive/2022/texmf-dist/tex/latex/mhchem/mhchem.sty
Package: mhchem 2021/12/31 v4.09 for typesetting chemical formulae

(/usr/local/texlive/2022/texmf-dist/tex/latex/l3packages/l3keys2e/l3keys2e.sty
Package: l3keys2e 2022-01-12 LaTeX2e option processing using LaTeX3 keys
) (/usr/local/texlive/2022/texmf-dist/tex/latex/tools/calc.sty
Package: calc 2017/05/25 v4.3 Infix arithmetic (KKT,FJ)
\calc@Acount=\count268
\calc@Bcount=\count269
\calc@Adimen=\dimen146
\calc@Bdimen=\dimen147
\calc@Askip=\skip53
\calc@Bskip=\skip54
LaTeX Info: Redefining \setlength on input line 80.
LaTeX Info: Redefining \addtolength on input line 81.
\calc@Ccount=\count270
\calc@Cskip=\skip55
)
(/usr/local/texlive/2022/texmf-dist/tex/latex/amsmath/amsmath.sty
Package: amsmath 2021/10/15 v2.17l AMS math features
\@mathmargin=\skip56

For additional information on amsmath, use the `?' option.
(/usr/local/texlive/2022/texmf-dist/tex/latex/amsmath/amstext.sty
Package: amstext 2021/08/26 v2.01 AMS text

(/usr/local/texlive/2022/texmf-dist/tex/latex/amsmath/amsgen.sty
File: amsgen.sty 1999/11/30 v2.0 generic functions
\@emptytoks=\toks21
\ex@=\dimen148
))
(/usr/local/texlive/2022/texmf-dist/tex/latex/amsmath/amsbsy.sty
Package: amsbsy 1999/11/29 v1.2d Bold Symbols
\pmbraise@=\dimen149
)
(/usr/local/texlive/2022/texmf-dist/tex/latex/amsmath/amsopn.sty
Package: amsopn 2021/08/26 v2.02 operator names
)
\inf@bad=\count271
LaTeX Info: Redefining \frac on input line 234.
\uproot@=\count272
\leftroot@=\count273
LaTeX Info: Redefining \overline on input line 399.
\classnum@=\count274
\DOTSCASE@=\count275
LaTeX Info: Redefining \ldots on input line 496.
LaTeX Info: Redefining \dots on input line 499.
LaTeX Info: Redefining \cdots on input line 620.
\Mathstrutbox@=\box57
\strutbox@=\box58
\big@size=\dimen150
LaTeX Font Info:    Redeclaring font encoding OML on input line 743.
LaTeX Font Info:    Redeclaring font encoding OMS on input line 744.
\macc@depth=\count276
\c@MaxMatrixCols=\count277
\dotsspace@=\muskip17
\c@parentequation=\count278
\dspbrk@lvl=\count279
\tag@help=\toks22
\row@=\count280
\column@=\count281
\maxfields@=\count282
\andhelp@=\toks23
\eqnshift@=\dimen151
\alignsep@=\dimen152
\tagshift@=\dimen153
\tagwidth@=\dimen154
\totwidth@=\dimen155
\lineht@=\dimen156
\@envbody=\toks24
\multlinegap=\skip57
\multlinetaggap=\skip58
\mathdisplay@stack=\toks25
LaTeX Info: Redefining \[ on input line 2938.
LaTeX Info: Redefining \] on input line 2939.
)
(/usr/local/texlive/2022/texmf-dist/tex/latex/chemgreek/chemgreek.sty
Package: chemgreek 2020/01/16 v1.1a interface for upright Greek letters for use
 in chemistry (CN)
\l__chemgreek_tmpa_int=\count283
\g__chemgreek_tmpa_int=\count284
)
\l__mhchem_ce_distanceFromLastComma_int=\count285
\__mhchem_arrow_extPgfLength_skip=\skip59
\mhchem@minispace@tmp=\skip60
\mhchem@minibackspace@tmp=\skip61
\mhchem@bondwidth=\skip62
\mhchem@bondheight=\skip63
\mhchem@smallbondwidth@tmpA=\skip64
\mhchem@smallbondwidth@tmpB=\skip65
\mhchem@smallbondwidth=\skip66
\mhchem@bondtmp@minussidebearingleft=\skip67
\mhchem@bondtmp@minussidebearingright=\skip68
\l__mhchem_option_version_int=\count286
\mhchem@option@minusmathsidebearingleft=\dimen157
\mhchem@option@minusmathsidebearingright=\dimen158
\mhchem@option@minustextsidebearingleft=\dimen159
\mhchem@option@minustextsidebearingright=\dimen160
)
(/usr/local/texlive/2022/texmf-dist/tex/latex/chemmacros/chemmacros.sty
Package: chemmacros 2022/03/11 v6.2a comprehensive support for typesetting chem
istry documents (CN & SK)
\l__chemmacros_tmpa_dim=\dimen161
\l__chemmacros_tmpb_dim=\dimen162
\l__chemmacros_tmpc_dim=\dimen163
\l__chemmacros_tmpa_int=\count287
\l__chemmacros_tmpb_int=\count288
\l__chemmacros_tmpc_int=\count289
\l__chemmacros_tmpa_box=\box59
\l__chemmacros_tmpb_box=\box60
\l__chemmacros_tmpc_box=\box61
Loading the chemmacros module `base' ...

Loading the chemmacros module `base' ...
(/usr/local/texlive/2022/texmf-dist/tex/latex/tools/bm.sty
Package: bm 2021/04/25 v1.2e Bold Symbol Support (DPC/FMi)
\symboldoperators=\mathgroup4
\symboldletters=\mathgroup5
\symboldsymbols=\mathgroup6
Package bm Info: No bold for \OMX/cmex/m/n, using \pmb.
LaTeX Font Info:    Redeclaring math alphabet \mathbf on input line 149.
)
Loading the chemmacros module `errorcheck' ...

Loading the chemmacros module `errorcheck' ...
Loading the chemmacros module `lang' ...
Loading the chemmacros module `lang' ...
(/usr/local/texlive/2022/texmf-dist/tex/latex/translations/translations.sty
Package: translations 2022/02/05 v1.12 internationalization of LaTeX2e packages
 (CN)

(/usr/local/texlive/2022/texmf-dist/tex/generic/pdftexcmds/pdftexcmds.sty
Package: pdftexcmds 2020-06-27 v0.33 Utility functions of pdfTeX for LuaTeX (HO
)

(/usr/local/texlive/2022/texmf-dist/tex/generic/infwarerr/infwarerr.sty
Package: infwarerr 2019/12/03 v1.5 Providing info/warning/error messages (HO)
)
(/usr/local/texlive/2022/texmf-dist/tex/generic/iftex/iftex.sty
Package: iftex 2022/02/03 v1.0f TeX engine tests
)
(/usr/local/texlive/2022/texmf-dist/tex/generic/ltxcmds/ltxcmds.sty
Package: ltxcmds 2020-05-10 v1.25 LaTeX kernel commands for general use (HO)
)
Package pdftexcmds Info: \pdf@primitive is available.
Package pdftexcmds Info: \pdf@ifprimitive is available.
Package pdftexcmds Info: \pdfdraftmode found.
))
Loading the chemmacros module `greek' ...

Loading the chemmacros module `greek' ...
Loading the chemmacros module `formula' ...
Loading the chemmacros module `formula' ...
Loading the chemmacros module `charges' ...
Loading the chemmacros module `charges' ...
Loading the chemmacros module `acid-base' ...
Loading the chemmacros module `acid-base' ...
Loading the chemmacros module `symbols' ...
Loading the chemmacros module `symbols' ...
Loading the chemmacros module `particles' ...
Loading the chemmacros module `particles' ...
\l__chemmacros_nucleophile_dim=\dimen164
Loading the chemmacros module `phases' ...
Loading the chemmacros module `phases' ...
\l__chemmacros_phases_space_dim=\dimen165
Loading the chemmacros module `nomenclature' ...
Loading the chemmacros module `nomenclature' ...
\l__chemmacros_cip_kern_dim=\dimen166
\l__chemmacros_iupac_hyphen_pre_dim=\dimen167
\l__chemmacros_iupac_hyphen_post_dim=\dimen168
\l__chemmacros_iupac_break_dim=\dimen169
\l__chemmacros_iupac_break_skip=\skip69
Loading the chemmacros module `tikz' ...
Loading the chemmacros module `tikz' ...
(/usr/local/texlive/2022/texmf-dist/tex/latex/pgf/frontendlayer/tikz.sty
(/usr/local/texlive/2022/texmf-dist/tex/latex/pgf/basiclayer/pgf.sty
(/usr/local/texlive/2022/texmf-dist/tex/latex/pgf/utilities/pgfrcs.sty
(/usr/local/texlive/2022/texmf-dist/tex/generic/pgf/utilities/pgfutil-common.te
x
\pgfutil@everybye=\toks26
\pgfutil@tempdima=\dimen170
\pgfutil@tempdimb=\dimen171

(/usr/local/texlive/2022/texmf-dist/tex/generic/pgf/utilities/pgfutil-common-li
sts.tex))
(/usr/local/texlive/2022/texmf-dist/tex/generic/pgf/utilities/pgfutil-latex.def
\pgfutil@abb=\box62
) (/usr/local/texlive/2022/texmf-dist/tex/generic/pgf/utilities/pgfrcs.code.tex
(/usr/local/texlive/2022/texmf-dist/tex/generic/pgf/pgf.revision.tex)
Package: pgfrcs 2021/05/15 v3.1.9a (3.1.9a)
))
Package: pgf 2021/05/15 v3.1.9a (3.1.9a)

(/usr/local/texlive/2022/texmf-dist/tex/latex/pgf/basiclayer/pgfcore.sty
(/usr/local/texlive/2022/texmf-dist/tex/latex/pgf/systemlayer/pgfsys.sty
(/usr/local/texlive/2022/texmf-dist/tex/generic/pgf/systemlayer/pgfsys.code.tex
Package: pgfsys 2021/05/15 v3.1.9a (3.1.9a)
(/usr/local/texlive/2022/texmf-dist/tex/generic/pgf/utilities/pgfkeys.code.tex
\pgfkeys@pathtoks=\toks27
\pgfkeys@temptoks=\toks28

(/usr/local/texlive/2022/texmf-dist/tex/generic/pgf/utilities/pgfkeysfiltered.c
ode.tex
\pgfkeys@tmptoks=\toks29
))
\pgf@x=\dimen172
\pgf@y=\dimen173
\pgf@xa=\dimen174
\pgf@ya=\dimen175
\pgf@xb=\dimen176
\pgf@yb=\dimen177
\pgf@xc=\dimen178
\pgf@yc=\dimen179
\pgf@xd=\dimen180
\pgf@yd=\dimen181
\w@pgf@writea=\write4
\r@pgf@reada=\read2
\c@pgf@counta=\count290
\c@pgf@countb=\count291
\c@pgf@countc=\count292
\c@pgf@countd=\count293
\t@pgf@toka=\toks30
\t@pgf@tokb=\toks31
\t@pgf@tokc=\toks32
\pgf@sys@id@count=\count294

(/usr/local/texlive/2022/texmf-dist/tex/generic/pgf/systemlayer/pgf.cfg
File: pgf.cfg 2021/05/15 v3.1.9a (3.1.9a)
)
Driver file for pgf: pgfsys-pdftex.def

(/usr/local/texlive/2022/texmf-dist/tex/generic/pgf/systemlayer/pgfsys-pdftex.d
ef
File: pgfsys-pdftex.def 2021/05/15 v3.1.9a (3.1.9a)

(/usr/local/texlive/2022/texmf-dist/tex/generic/pgf/systemlayer/pgfsys-common-p
df.def
File: pgfsys-common-pdf.def 2021/05/15 v3.1.9a (3.1.9a)
)))
(/usr/local/texlive/2022/texmf-dist/tex/generic/pgf/systemlayer/pgfsyssoftpath.
code.tex
File: pgfsyssoftpath.code.tex 2021/05/15 v3.1.9a (3.1.9a)
\pgfsyssoftpath@smallbuffer@items=\count295
\pgfsyssoftpath@bigbuffer@items=\count296
)
(/usr/local/texlive/2022/texmf-dist/tex/generic/pgf/systemlayer/pgfsysprotocol.
code.tex
File: pgfsysprotocol.code.tex 2021/05/15 v3.1.9a (3.1.9a)
)) (/usr/local/texlive/2022/texmf-dist/tex/latex/xcolor/xcolor.sty
Package: xcolor 2021/10/31 v2.13 LaTeX color extensions (UK)

(/usr/local/texlive/2022/texmf-dist/tex/latex/graphics-cfg/color.cfg
File: color.cfg 2016/01/02 v1.6 sample color configuration
)
Package xcolor Info: Driver file: pdftex.def on input line 227.
Package xcolor Info: Model `cmy' substituted by `cmy0' on input line 1352.
Package xcolor Info: Model `hsb' substituted by `rgb' on input line 1356.
Package xcolor Info: Model `RGB' extended on input line 1368.
Package xcolor Info: Model `HTML' substituted by `rgb' on input line 1370.
Package xcolor Info: Model `Hsb' substituted by `hsb' on input line 1371.
Package xcolor Info: Model `tHsb' substituted by `hsb' on input line 1372.
Package xcolor Info: Model `HSB' substituted by `hsb' on input line 1373.
Package xcolor Info: Model `Gray' substituted by `gray' on input line 1374.
Package xcolor Info: Model `wave' substituted by `hsb' on input line 1375.
)
(/usr/local/texlive/2022/texmf-dist/tex/generic/pgf/basiclayer/pgfcore.code.tex
Package: pgfcore 2021/05/15 v3.1.9a (3.1.9a)
(/usr/local/texlive/2022/texmf-dist/tex/generic/pgf/math/pgfmath.code.tex
(/usr/local/texlive/2022/texmf-dist/tex/generic/pgf/math/pgfmathcalc.code.tex
(/usr/local/texlive/2022/texmf-dist/tex/generic/pgf/math/pgfmathutil.code.tex)
(/usr/local/texlive/2022/texmf-dist/tex/generic/pgf/math/pgfmathparser.code.tex
\pgfmath@dimen=\dimen182
\pgfmath@count=\count297
\pgfmath@box=\box63
\pgfmath@toks=\toks33
\pgfmath@stack@operand=\toks34
\pgfmath@stack@operation=\toks35
)
(/usr/local/texlive/2022/texmf-dist/tex/generic/pgf/math/pgfmathfunctions.code.
tex
(/usr/local/texlive/2022/texmf-dist/tex/generic/pgf/math/pgfmathfunctions.basic
.code.tex)
(/usr/local/texlive/2022/texmf-dist/tex/generic/pgf/math/pgfmathfunctions.trigo
nometric.code.tex)
(/usr/local/texlive/2022/texmf-dist/tex/generic/pgf/math/pgfmathfunctions.rando
m.code.tex)
(/usr/local/texlive/2022/texmf-dist/tex/generic/pgf/math/pgfmathfunctions.compa
rison.code.tex)
(/usr/local/texlive/2022/texmf-dist/tex/generic/pgf/math/pgfmathfunctions.base.
code.tex)
(/usr/local/texlive/2022/texmf-dist/tex/generic/pgf/math/pgfmathfunctions.round
.code.tex)
(/usr/local/texlive/2022/texmf-dist/tex/generic/pgf/math/pgfmathfunctions.misc.
code.tex)
(/usr/local/texlive/2022/texmf-dist/tex/generic/pgf/math/pgfmathfunctions.integ
erarithmetics.code.tex)))
(/usr/local/texlive/2022/texmf-dist/tex/generic/pgf/math/pgfmathfloat.code.tex
\c@pgfmathroundto@lastzeros=\count298
)) (/usr/local/texlive/2022/texmf-dist/tex/generic/pgf/math/pgfint.code.tex)
(/usr/local/texlive/2022/texmf-dist/tex/generic/pgf/basiclayer/pgfcorepoints.co
de.tex
File: pgfcorepoints.code.tex 2021/05/15 v3.1.9a (3.1.9a)
\pgf@picminx=\dimen183
\pgf@picmaxx=\dimen184
\pgf@picminy=\dimen185
\pgf@picmaxy=\dimen186
\pgf@pathminx=\dimen187
\pgf@pathmaxx=\dimen188
\pgf@pathminy=\dimen189
\pgf@pathmaxy=\dimen190
\pgf@xx=\dimen191
\pgf@xy=\dimen192
\pgf@yx=\dimen193
\pgf@yy=\dimen194
\pgf@zx=\dimen195
\pgf@zy=\dimen196
)
(/usr/local/texlive/2022/texmf-dist/tex/generic/pgf/basiclayer/pgfcorepathconst
ruct.code.tex
File: pgfcorepathconstruct.code.tex 2021/05/15 v3.1.9a (3.1.9a)
\pgf@path@lastx=\dimen197
\pgf@path@lasty=\dimen198
)
(/usr/local/texlive/2022/texmf-dist/tex/generic/pgf/basiclayer/pgfcorepathusage
.code.tex
File: pgfcorepathusage.code.tex 2021/05/15 v3.1.9a (3.1.9a)
\pgf@shorten@end@additional=\dimen199
\pgf@shorten@start@additional=\dimen256
)
(/usr/local/texlive/2022/texmf-dist/tex/generic/pgf/basiclayer/pgfcorescopes.co
de.tex
File: pgfcorescopes.code.tex 2021/05/15 v3.1.9a (3.1.9a)
\pgfpic=\box64
\pgf@hbox=\box65
\pgf@layerbox@main=\box66
\pgf@picture@serial@count=\count299
)
(/usr/local/texlive/2022/texmf-dist/tex/generic/pgf/basiclayer/pgfcoregraphicst
ate.code.tex
File: pgfcoregraphicstate.code.tex 2021/05/15 v3.1.9a (3.1.9a)
\pgflinewidth=\dimen257
)
(/usr/local/texlive/2022/texmf-dist/tex/generic/pgf/basiclayer/pgfcoretransform
ations.code.tex
File: pgfcoretransformations.code.tex 2021/05/15 v3.1.9a (3.1.9a)
\pgf@pt@x=\dimen258
\pgf@pt@y=\dimen259
\pgf@pt@temp=\dimen260
)
(/usr/local/texlive/2022/texmf-dist/tex/generic/pgf/basiclayer/pgfcorequick.cod
e.tex
File: pgfcorequick.code.tex 2021/05/15 v3.1.9a (3.1.9a)
)
(/usr/local/texlive/2022/texmf-dist/tex/generic/pgf/basiclayer/pgfcoreobjects.c
ode.tex
File: pgfcoreobjects.code.tex 2021/05/15 v3.1.9a (3.1.9a)
)
(/usr/local/texlive/2022/texmf-dist/tex/generic/pgf/basiclayer/pgfcorepathproce
ssing.code.tex
File: pgfcorepathprocessing.code.tex 2021/05/15 v3.1.9a (3.1.9a)
)
(/usr/local/texlive/2022/texmf-dist/tex/generic/pgf/basiclayer/pgfcorearrows.co
de.tex
File: pgfcorearrows.code.tex 2021/05/15 v3.1.9a (3.1.9a)
\pgfarrowsep=\dimen261
)
(/usr/local/texlive/2022/texmf-dist/tex/generic/pgf/basiclayer/pgfcoreshade.cod
e.tex
File: pgfcoreshade.code.tex 2021/05/15 v3.1.9a (3.1.9a)
\pgf@max=\dimen262
\pgf@sys@shading@range@num=\count300
\pgf@shadingcount=\count301
)
(/usr/local/texlive/2022/texmf-dist/tex/generic/pgf/basiclayer/pgfcoreimage.cod
e.tex
File: pgfcoreimage.code.tex 2021/05/15 v3.1.9a (3.1.9a)

(/usr/local/texlive/2022/texmf-dist/tex/generic/pgf/basiclayer/pgfcoreexternal.
code.tex
File: pgfcoreexternal.code.tex 2021/05/15 v3.1.9a (3.1.9a)
\pgfexternal@startupbox=\box67
))
(/usr/local/texlive/2022/texmf-dist/tex/generic/pgf/basiclayer/pgfcorelayers.co
de.tex
File: pgfcorelayers.code.tex 2021/05/15 v3.1.9a (3.1.9a)
)
(/usr/local/texlive/2022/texmf-dist/tex/generic/pgf/basiclayer/pgfcoretranspare
ncy.code.tex
File: pgfcoretransparency.code.tex 2021/05/15 v3.1.9a (3.1.9a)
)
(/usr/local/texlive/2022/texmf-dist/tex/generic/pgf/basiclayer/pgfcorepatterns.
code.tex
File: pgfcorepatterns.code.tex 2021/05/15 v3.1.9a (3.1.9a)
)
(/usr/local/texlive/2022/texmf-dist/tex/generic/pgf/basiclayer/pgfcorerdf.code.
tex
File: pgfcorerdf.code.tex 2021/05/15 v3.1.9a (3.1.9a)
)))
(/usr/local/texlive/2022/texmf-dist/tex/generic/pgf/modules/pgfmoduleshapes.cod
e.tex
File: pgfmoduleshapes.code.tex 2021/05/15 v3.1.9a (3.1.9a)
\pgfnodeparttextbox=\box68
)
(/usr/local/texlive/2022/texmf-dist/tex/generic/pgf/modules/pgfmoduleplot.code.
tex
File: pgfmoduleplot.code.tex 2021/05/15 v3.1.9a (3.1.9a)
)
(/usr/local/texlive/2022/texmf-dist/tex/latex/pgf/compatibility/pgfcomp-version
-0-65.sty
Package: pgfcomp-version-0-65 2021/05/15 v3.1.9a (3.1.9a)
\pgf@nodesepstart=\dimen263
\pgf@nodesepend=\dimen264
)
(/usr/local/texlive/2022/texmf-dist/tex/latex/pgf/compatibility/pgfcomp-version
-1-18.sty
Package: pgfcomp-version-1-18 2021/05/15 v3.1.9a (3.1.9a)
))
(/usr/local/texlive/2022/texmf-dist/tex/latex/pgf/utilities/pgffor.sty
(/usr/local/texlive/2022/texmf-dist/tex/latex/pgf/utilities/pgfkeys.sty
(/usr/local/texlive/2022/texmf-dist/tex/generic/pgf/utilities/pgfkeys.code.tex)
) (/usr/local/texlive/2022/texmf-dist/tex/latex/pgf/math/pgfmath.sty
(/usr/local/texlive/2022/texmf-dist/tex/generic/pgf/math/pgfmath.code.tex))
(/usr/local/texlive/2022/texmf-dist/tex/generic/pgf/utilities/pgffor.code.tex
Package: pgffor 2021/05/15 v3.1.9a (3.1.9a)

(/usr/local/texlive/2022/texmf-dist/tex/generic/pgf/math/pgfmath.code.tex)
\pgffor@iter=\dimen265
\pgffor@skip=\dimen266
\pgffor@stack=\toks36
\pgffor@toks=\toks37
))
(/usr/local/texlive/2022/texmf-dist/tex/generic/pgf/frontendlayer/tikz/tikz.cod
e.tex
Package: tikz 2021/05/15 v3.1.9a (3.1.9a)

(/usr/local/texlive/2022/texmf-dist/tex/generic/pgf/libraries/pgflibraryplothan
dlers.code.tex
File: pgflibraryplothandlers.code.tex 2021/05/15 v3.1.9a (3.1.9a)
\pgf@plot@mark@count=\count302
\pgfplotmarksize=\dimen267
)
\tikz@lastx=\dimen268
\tikz@lasty=\dimen269
\tikz@lastxsaved=\dimen270
\tikz@lastysaved=\dimen271
\tikz@lastmovetox=\dimen272
\tikz@lastmovetoy=\dimen273
\tikzleveldistance=\dimen274
\tikzsiblingdistance=\dimen275
\tikz@figbox=\box69
\tikz@figbox@bg=\box70
\tikz@tempbox=\box71
\tikz@tempbox@bg=\box72
\tikztreelevel=\count303
\tikznumberofchildren=\count304
\tikznumberofcurrentchild=\count305
\tikz@fig@count=\count306

(/usr/local/texlive/2022/texmf-dist/tex/generic/pgf/modules/pgfmodulematrix.cod
e.tex
File: pgfmodulematrix.code.tex 2021/05/15 v3.1.9a (3.1.9a)
\pgfmatrixcurrentrow=\count307
\pgfmatrixcurrentcolumn=\count308
\pgf@matrix@numberofcolumns=\count309
)
\tikz@expandcount=\count310

(/usr/local/texlive/2022/texmf-dist/tex/generic/pgf/frontendlayer/tikz/librarie
s/tikzlibrarytopaths.code.tex
File: tikzlibrarytopaths.code.tex 2021/05/15 v3.1.9a (3.1.9a)
)))
(/usr/local/texlive/2022/texmf-dist/tex/generic/pgf/frontendlayer/tikz/librarie
s/tikzlibrarycalc.code.tex
File: tikzlibrarycalc.code.tex 2021/05/15 v3.1.9a (3.1.9a)
)
(/usr/local/texlive/2022/texmf-dist/tex/generic/pgf/frontendlayer/tikz/librarie
s/tikzlibrarydecorations.pathmorphing.code.tex
(/usr/local/texlive/2022/texmf-dist/tex/generic/pgf/frontendlayer/tikz/librarie
s/tikzlibrarydecorations.code.tex
(/usr/local/texlive/2022/texmf-dist/tex/generic/pgf/modules/pgfmoduledecoration
s.code.tex
\pgfdecoratedcompleteddistance=\dimen276
\pgfdecoratedremainingdistance=\dimen277
\pgfdecoratedinputsegmentcompleteddistance=\dimen278
\pgfdecoratedinputsegmentremainingdistance=\dimen279
\pgf@decorate@distancetomove=\dimen280
\pgf@decorate@repeatstate=\count311
\pgfdecorationsegmentamplitude=\dimen281
\pgfdecorationsegmentlength=\dimen282
)
\tikz@lib@dec@box=\box73
)
(/usr/local/texlive/2022/texmf-dist/tex/generic/pgf/libraries/decorations/pgfli
brarydecorations.pathmorphing.code.tex))
\l__chemmacros_el_length_dim=\dimen283
Loading the chemmacros module `isotopes' ...

Loading the chemmacros module `isotopes' ...
(/usr/local/texlive/2022/texmf-dist/tex/latex/elements/elements.sty
Package: elements 2022/01/29 v0.4 properties of chemical elements
\c@@elements@orbital@type=\count312
\c@@elements@shell@number=\count313
)
Loading the chemmacros module `mechanisms' ...

Loading the chemmacros module `mechanisms' ...
Loading the chemmacros module `newman' ...
Loading the chemmacros module `newman' ...
Loading the chemmacros module `orbital' ...
Loading the chemmacros module `orbital' ...
Loading the chemmacros module `polymers' ...
Loading the chemmacros module `polymers' ...
\l__chemmacros_polymer_delimiter_height_dim=\dimen284
\l__chemmacros_polymer_delimiter_depth_dim=\dimen285
Loading the chemmacros module `reactions' ...
Loading the chemmacros module `reactions' ...
\c@reaction=\count314
(/usr/local/texlive/2022/texmf-dist/tex/latex/mathtools/mathtools.sty
Package: mathtools 2022/02/07 v1.28a mathematical typesetting tools

(/usr/local/texlive/2022/texmf-dist/tex/latex/mathtools/mhsetup.sty
Package: mhsetup 2021/03/18 v1.4 programming setup (MH)
)
\g_MT_multlinerow_int=\count315
\l_MT_multwidth_dim=\dimen286
\origjot=\skip70
\l_MT_shortvdotswithinadjustabove_dim=\dimen287
\l_MT_shortvdotswithinadjustbelow_dim=\dimen288
\l_MT_above_intertext_sep=\dimen289
\l_MT_below_intertext_sep=\dimen290
\l_MT_above_shortintertext_sep=\dimen291
\l_MT_below_shortintertext_sep=\dimen292
\xmathstrut@box=\box74
\xmathstrut@dim=\dimen293
)
Loading the chemmacros module `redox' ...

Loading the chemmacros module `redox' ...
(/usr/local/texlive/2022/texmf-dist/tex/latex/relsize/relsize.sty
Package: relsize 2013/03/29 ver 4.1
)
\l__chemmacros_ox_number_int=\count316
\l__chemmacros_redox_sep_dim=\dimen294
\l__chemmacros_redox_sep_default_dim=\dimen295
\l__chemmacros_redox_dist_dim=\dimen296
Loading the chemmacros module `xfrac' ...

Loading the chemmacros module `xfrac' ...
(/usr/local/texlive/2022/texmf-dist/tex/latex/l3packages/xfrac/xfrac.sty
(/usr/local/texlive/2022/texmf-dist/tex/latex/base/textcomp.sty
Package: textcomp 2020/02/02 v2.0n Standard LaTeX package
)
(/usr/local/texlive/2022/texmf-dist/tex/latex/l3packages/xtemplate/xtemplate.st
y
Package: xtemplate 2022-01-12 L3 Experimental prototype document functions
\l__xtemplate_tmp_dim=\dimen297
\l__xtemplate_tmp_int=\count317
\l__xtemplate_tmp_muskip=\muskip18
\l__xtemplate_tmp_skip=\skip71
)
Package: xfrac 2022-01-12 L3 Experimental split-level fractions
\l__xfrac_slash_box=\box75
\l__xfrac_tmp_box=\box76
\l__xfrac_denominator_bot_sep_dim=\dimen298
\l__xfrac_numerator_bot_sep_dim=\dimen299
\l__xfrac_numerator_top_sep_dim=\dimen300
\l__xfrac_slash_left_sep_dim=\dimen301
\l__xfrac_slash_right_sep_dim=\dimen302
\l__xfrac_slash_left_muskip=\muskip19
\l__xfrac_slash_right_muskip=\muskip20

Package xtemplate Info: Declaring object type 'xfrac' taking 3 argument(s) on
(xtemplate)             line 80.

)
Loading the chemmacros module `scheme' ...

Loading the chemmacros module `scheme' ...
(/usr/local/texlive/2022/texmf-dist/tex/latex/chemnum/chemnum.sty
Package: chemnum 2021/01/21 v1.3a a comprehensive approach for the numbering of
 chemical compounds (CN)

(/usr/local/texlive/2022/texmf-dist/tex/latex/psfrag/psfrag.sty
Package: psfrag 1998/04/11 v3.04 PSfrag (MCG)
\pfg@pcount=\count318
\pfg@scount=\count319
\pfg@temp=\write5
)
\l__chemnum_tmpa_int=\count320
\l__chemnum_tmpb_int=\count321
\l__chemnum_tmpc_int=\count322
\c@cmpdmain=\count323
\g__chemnum_main_int=\count324
\l__chemnum_compound_replace_int=\count325
)
Loading the chemmacros module `spectroscopy' ...

Loading the chemmacros module `spectroscopy' ...
(/usr/local/texlive/2022/texmf-dist/tex/latex/siunitx/siunitx.sty
Package: siunitx 2022-02-15 v3.0.49 A comprehensive (SI) units package
\l__siunitx_angle_tmp_dim=\dimen303
\l__siunitx_angle_marker_box=\box77
\l__siunitx_angle_unit_box=\box78
\l__siunitx_compound_count_int=\count326
\l__siunitx_number_exponent_fixed_int=\count327
\l__siunitx_number_min_decimal_int=\count328
\l__siunitx_number_min_integer_int=\count329
\l__siunitx_number_round_precision_int=\count330
\l__siunitx_number_group_minimum_int=\count331
\l__siunitx_table_tmp_box=\box79
\l__siunitx_table_tmp_dim=\dimen304
\l__siunitx_table_column_width_dim=\dimen305
\l__siunitx_table_integer_box=\box80
\l__siunitx_table_decimal_box=\box81
\l__siunitx_table_before_box=\box82
\l__siunitx_table_after_box=\box83
\l__siunitx_table_before_dim=\dimen306
\l__siunitx_table_carry_dim=\dimen307
\l__siunitx_unit_tmp_int=\count332
\l__siunitx_unit_position_int=\count333
\l__siunitx_unit_total_int=\count334

(/usr/local/texlive/2022/texmf-dist/tex/latex/tools/array.sty
Package: array 2021/10/04 v2.5f Tabular extension package (FMi)
\col@sep=\dimen308
\ar@mcellbox=\box84
\extrarowheight=\dimen309
\NC@list=\toks38
\extratabsurround=\skip72
\backup@length=\skip73
\ar@cellbox=\box85
))
\l__chemmacros_nmr_space_skip=\skip74
Loading the chemmacros module `thermodynamics' ...

Loading the chemmacros module `thermodynamics' ...
Loading the chemmacros module `units' ...
Loading the chemmacros module `units' ...
Loading the chemmacros module `reactants' ...
Loading the chemmacros module `reactants' ...
Loading the chemmacros module `translations' ...
Loading the chemmacros module `translations' ...
) (/usr/local/texlive/2022/texmf-dist/tex/latex/float/float.sty
Package: float 2001/11/08 v1.3d Float enhancements (AL)
\c@float@type=\count335
\float@exts=\toks39
\float@box=\box86
\@float@everytoks=\toks40
\@floatcapt=\box87
)
(/usr/local/texlive/2022/texmf-dist/tex/latex/adjustbox/adjustbox.sty
Package: adjustbox 2020/08/19 v1.3 Adjusting TeX boxes (trim, clip, ...)

(/usr/local/texlive/2022/texmf-dist/tex/latex/xkeyval/xkeyval.sty
Package: xkeyval 2020/11/20 v2.8 package option processing (HA)

(/usr/local/texlive/2022/texmf-dist/tex/generic/xkeyval/xkeyval.tex
(/usr/local/texlive/2022/texmf-dist/tex/generic/xkeyval/xkvutils.tex
\XKV@toks=\toks41
\XKV@tempa@toks=\toks42
)
\XKV@depth=\count336
File: xkeyval.tex 2014/12/03 v2.7a key=value parser (HA)
))
(/usr/local/texlive/2022/texmf-dist/tex/latex/adjustbox/adjcalc.sty
Package: adjcalc 2012/05/16 v1.1 Provides advanced setlength with multiple back
-ends (calc, etex, pgfmath)
)
(/usr/local/texlive/2022/texmf-dist/tex/latex/adjustbox/trimclip.sty
Package: trimclip 2020/08/19 v1.2 Trim and clip general TeX material

(/usr/local/texlive/2022/texmf-dist/tex/latex/collectbox/collectbox.sty
Package: collectbox 2012/05/17 v0.4b Collect macro arguments as boxes
\collectedbox=\box88
)
\tc@llx=\dimen310
\tc@lly=\dimen311
\tc@urx=\dimen312
\tc@ury=\dimen313
Package trimclip Info: Using driver 'tc-pdftex.def'.

(/usr/local/texlive/2022/texmf-dist/tex/latex/adjustbox/tc-pdftex.def
File: tc-pdftex.def 2019/01/04 v2.2 Clipping driver for pdftex
))
\adjbox@Width=\dimen314
\adjbox@Height=\dimen315
\adjbox@Depth=\dimen316
\adjbox@Totalheight=\dimen317
\adjbox@pwidth=\dimen318
\adjbox@pheight=\dimen319
\adjbox@pdepth=\dimen320
\adjbox@ptotalheight=\dimen321

(/usr/local/texlive/2022/texmf-dist/tex/latex/ifoddpage/ifoddpage.sty
Package: ifoddpage 2016/04/23 v1.1 Conditionals for odd/even page detection
\c@checkoddpage=\count337
)
(/usr/local/texlive/2022/texmf-dist/tex/latex/varwidth/varwidth.sty
Package: varwidth 2009/03/30 ver 0.92;  Variable-width minipages
\@vwid@box=\box89
\sift@deathcycles=\count338
\@vwid@loff=\dimen322
\@vwid@roff=\dimen323
))
(/usr/local/texlive/2022/texmf-dist/tex/latex/wasysym/wasysym.sty
Package: wasysym 2020/01/19 v2.4 Wasy-2 symbol support package
\symwasy=\mathgroup7
LaTeX Font Info:    Overwriting symbol font `wasy' in version `bold'
(Font)                  U/wasy/m/n --> U/wasy/b/n on input line 93.
)
(/usr/local/texlive/2022/texmf-dist/tex/latex/base/latexsym.sty
Package: latexsym 1998/08/17 v2.2e Standard LaTeX package (lasy symbols)
\symlasy=\mathgroup8
LaTeX Font Info:    Overwriting symbol font `lasy' in version `bold'
(Font)                  U/lasy/m/n --> U/lasy/b/n on input line 52.
)
(/usr/local/texlive/2022/texmf-dist/tex/latex/amsfonts/amssymb.sty
Package: amssymb 2013/01/14 v3.01 AMS font symbols

(/usr/local/texlive/2022/texmf-dist/tex/latex/amsfonts/amsfonts.sty
Package: amsfonts 2013/01/14 v3.01 Basic AMSFonts support
\symAMSa=\mathgroup9
\symAMSb=\mathgroup10
LaTeX Font Info:    Redeclaring math symbol \hbar on input line 98.
LaTeX Font Info:    Overwriting math alphabet `\mathfrak' in version `bold'
(Font)                  U/euf/m/n --> U/euf/b/n on input line 106.
))
(/usr/local/texlive/2022/texmf-dist/tex/latex/lineno/lineno.sty
Package: lineno 2005/11/02 line numbers on paragraphs v4.41
\linenopenalty=\count339
\output=\toks43
\linenoprevgraf=\count340
\linenumbersep=\dimen324
\linenumberwidth=\dimen325
\c@linenumber=\count341
\c@pagewiselinenumber=\count342
\c@LN@truepage=\count343
\c@internallinenumber=\count344
\c@internallinenumbers=\count345
\quotelinenumbersep=\dimen326
\bframerule=\dimen327
\bframesep=\dimen328
\bframebox=\box90
LaTeX Info: Redefining \\ on input line 3056.
)
(/usr/local/texlive/2022/texmf-dist/tex/latex/chemformula/chemformula.sty
(/usr/local/texlive/2022/texmf-dist/tex/latex/units/nicefrac.sty
Package: nicefrac 1998/08/04 v0.9b Nice fractions
\L@UnitsRaiseDisplaystyle=\skip75
\L@UnitsRaiseTextstyle=\skip76
\L@UnitsRaiseScriptstyle=\skip77

(/usr/local/texlive/2022/texmf-dist/tex/latex/base/ifthen.sty
Package: ifthen 2020/11/24 v1.1c Standard LaTeX ifthen package (DPC)
))
(/usr/local/texlive/2022/texmf-dist/tex/generic/pgf/libraries/pgflibraryarrows.
meta.code.tex
File: pgflibraryarrows.meta.code.tex 2021/05/15 v3.1.9a (3.1.9a)
\pgfarrowinset=\dimen329
\pgfarrowlength=\dimen330
\pgfarrowwidth=\dimen331
\pgfarrowlinewidth=\dimen332
)
Package: chemformula 2022/01/23 v4.17 typeset chemical compounds and reactions 
(CN)
\l__chemformula_tmpa_dim=\dimen333
\l__chemformula_tmpb_dim=\dimen334
\l__chemformula_tmpc_dim=\dimen335
\l__chemformula_tmpa_int=\count346
\l__chemformula_tmpb_int=\count347
\l__chemformula_tmpc_int=\count348
\l__chemformula_tmpa_box=\box91
\l__chemformula_tmpb_box=\box92
\l__chemformula_arrow_length_dim=\dimen336
\l__chemformula_arrow_label_height_dim=\dimen337
\l__chemformula_arrow_label_offset_dim=\dimen338
\l__chemformula_arrow_minimum_length_dim=\dimen339
\l__chemformula_arrow_shortage_dim=\dimen340
\l__chemformula_arrow_offset_dim=\dimen341
\l__chemformula_arrow_yshift_dim=\dimen342
\l__chemformula_radical_radius_dim=\dimen343
\l__chemformula_radical_hshift_dim=\dimen344
\l__chemformula_radical_vshift_dim=\dimen345
\l__chemformula_radical_space_dim=\dimen346
\l__chemformula_arrow_head_dim=\dimen347
\l__chemformula_name_dim=\dimen348
\l__chemformula_adduct_space_dim=\dimen349
\l__chemformula_charge_shift_dim=\dimen350
\l__chemformula_subscript_shift_dim=\dimen351
\l__chemformula_superscript_shift_dim=\dimen352
\l__chemformula_subscript_dim=\dimen353
\l__chemformula_superscript_dim=\dimen354
\l__chemformula_bond_dim=\dimen355
\l__chemformula_bond_space_dim=\dimen356
\l__chemformula_elspec_pair_distance_dim=\dimen357
\l__chemformula_elspec_pair_line_length_dim=\dimen358
\l__chemformula_elspec_pair_width_dim=\dimen359
\l__chemformula_kroegervink_positive_radius_dim=\dimen360
\l__chemformula_kroegervink_positive_hshift_dim=\dimen361
\l__chemformula_kroegervink_positive_vshift_dim=\dimen362
\l__chemformula_kroegervink_positive_space_dim=\dimen363
\l__chemformula_stoich_space_skip=\skip78
\l__chemformula_math_space_skip=\skip79
\l__chemformula_additions_symbol_space_skip=\skip80
\l__chemformula_count_tokens_int=\count349
\g__chemformula_lewis_int=\count350
\l__chemformula_arrow_arg_i_box=\box93
\l__chemformula_arrow_arg_ii_box=\box94
\l__chemformula_superscript_box=\box95
\l__chemformula_subscript_box=\box96
\l__chemformula_plus_space_skip=\skip81
\l__chemformula_minus_space_skip=\skip82
) (/usr/local/texlive/2022/texmf-dist/tex/latex/tools/xr.sty
Package: xr 2020-05-10 v5.06 eXternal References (DPC)
)
(/usr/local/texlive/2022/texmf-dist/tex/latex/psnfss/pifont.sty
Package: pifont 2020/03/25 PSNFSS-v9.3 Pi font support (SPQR) 
LaTeX Font Info:    Trying to load font information for U+pzd on input line 63.


(/usr/local/texlive/2022/texmf-dist/tex/latex/psnfss/upzd.fd
File: upzd.fd 2001/06/04 font definitions for U/pzd.
)
LaTeX Font Info:    Trying to load font information for U+psy on input line 64.


(/usr/local/texlive/2022/texmf-dist/tex/latex/psnfss/upsy.fd
File: upsy.fd 2001/06/04 font definitions for U/psy.
))
(/usr/local/texlive/2022/texmf-dist/tex/latex/tools/longtable.sty
Package: longtable 2021-09-01 v4.17 Multi-page Table package (DPC)
\LTleft=\skip83
\LTright=\skip84
\LTpre=\skip85
\LTpost=\skip86
\LTchunksize=\count351
\LTcapwidth=\dimen364
\LT@head=\box97
\LT@firsthead=\box98
\LT@foot=\box99
\LT@lastfoot=\box100
\LT@gbox=\box101
\LT@cols=\count352
\LT@rows=\count353
\c@LT@tables=\count354
\c@LT@chunks=\count355
\LT@p@ftn=\toks44
)
(/usr/local/texlive/2022/texmf-dist/tex/latex/placeins/placeins.sty
Package: placeins 2005/04/18  v 2.2
)
(/usr/local/texlive/2022/texmf-dist/tex/latex/threeparttable/threeparttable.sty
Package: threeparttable 2003/06/13  v 3.0
\@tempboxb=\box102
)

Package chemmacros Warning: The module mechanism has changed with v6!
(chemmacros)                =========================================
(chemmacros)                * All modules have been integrated into 
(chemmacros)                the main package and thus are preloaded 
(chemmacros)                already (unless you have loaded 
(chemmacros)                `chemmacros' with the `minimal' option).
(chemmacros)                * The new default corresponds to the 
(chemmacros)                earlier setting `modules=all'.


Package chemmacros Warning: `modules' is a load-time option!
(chemmacros)                You cannot set it with \chemsetup!
(chemmacros)                You need to use \usepackage[modules]{chemmacros}.

(/usr/local/texlive/2022/texmf-dist/tex/latex/cleveref/cleveref.sty
Package: cleveref 2018/03/27 v0.21.4 Intelligent cross-referencing
Package cleveref Info: always capitalise cross-reference names on input line 78
30.
Package cleveref Info: sorting and compressing references on input line 7852.
Package cleveref Info: always capitalise cross-reference names on input line 78
52.
)
(/usr/local/texlive/2022/texmf-dist/tex/latex/minted/minted.sty
Package: minted 2021/12/24 v2.6 Yet another Pygments shim for LaTeX

(/usr/local/texlive/2022/texmf-dist/tex/latex/kvoptions/kvoptions.sty
Package: kvoptions 2020-10-07 v3.14 Key value format for package options (HO)

(/usr/local/texlive/2022/texmf-dist/tex/generic/kvsetkeys/kvsetkeys.sty
Package: kvsetkeys 2019/12/15 v1.18 Key value parser (HO)
))
(/usr/local/texlive/2022/texmf-dist/tex/latex/fvextra/fvextra.sty
Package: fvextra 2019/02/04 v1.4 fvextra - extensions and patches for fancyvrb

(/usr/local/texlive/2022/texmf-dist/tex/latex/fancyvrb/fancyvrb.sty
Package: fancyvrb 2021/12/21 4.1b verbatim text (tvz,hv)
\FV@CodeLineNo=\count356
\FV@InFile=\read3
\FV@TabBox=\box103
\c@FancyVerbLine=\count357
\FV@StepNumber=\count358
\FV@OutFile=\write6
)
(/usr/local/texlive/2022/texmf-dist/tex/latex/upquote/upquote.sty
Package: upquote 2012/04/19 v1.3 upright-quote and grave-accent glyphs in verba
tim
)
\c@FV@TrueTabGroupLevel=\count359
\c@FV@TrueTabCounter=\count360
\FV@TabBox@Group=\box104
\FV@TmpLength=\skip87
\c@FV@HighlightLinesStart=\count361
\c@FV@HighlightLinesStop=\count362
\FV@LoopCount=\count363
\FV@NCharsBox=\box105
\FV@BreakIndent=\dimen365
\FV@BreakIndentNChars=\count364
\FV@BreakSymbolSepLeft=\dimen366
\FV@BreakSymbolSepLeftNChars=\count365
\FV@BreakSymbolSepRight=\dimen367
\FV@BreakSymbolSepRightNChars=\count366
\FV@BreakSymbolIndentLeft=\dimen368
\FV@BreakSymbolIndentLeftNChars=\count367
\FV@BreakSymbolIndentRight=\dimen369
\FV@BreakSymbolIndentRightNChars=\count368
\c@FancyVerbLineBreakLast=\count369
\FV@LineBox=\box106
\FV@LineIndentBox=\box107
\FV@LineWidth=\dimen370
)
(/usr/local/texlive/2022/texmf-dist/tex/latex/tools/shellesc.sty
Package: shellesc 2019/11/08 v1.0c unified shell escape interface for LaTeX
Package shellesc Info: Restricted shell escape enabled on input line 77.
)
(/usr/local/texlive/2022/texmf-dist/tex/latex/ifplatform/ifplatform.sty
Package: ifplatform 2017/10/13 v0.4a Testing for the operating system

(/usr/local/texlive/2022/texmf-dist/tex/generic/catchfile/catchfile.sty
Package: catchfile 2019/12/09 v1.8 Catch the contents of a file (HO)

(/usr/local/texlive/2022/texmf-dist/tex/generic/etexcmds/etexcmds.sty
Package: etexcmds 2019/12/15 v1.7 Avoid name clashes with e-TeX commands (HO)
))
(/usr/local/texlive/2022/texmf-dist/tex/generic/iftex/ifluatex.sty
Package: ifluatex 2019/10/25 v1.5 ifluatex legacy package. Use iftex instead.
)

Package ifplatform Warning: 
    shell escape is disabled, so I can only detect \ifwindows.

) (/usr/local/texlive/2022/texmf-dist/tex/generic/xstring/xstring.sty
(/usr/local/texlive/2022/texmf-dist/tex/generic/xstring/xstring.tex
\integerpart=\count370
\decimalpart=\count371
)
Package: xstring 2021/07/21 v1.84 String manipulations (CT)
)
(/usr/local/texlive/2022/texmf-dist/tex/latex/framed/framed.sty
Package: framed 2011/10/22 v 0.96: framed or shaded text with page breaks
\OuterFrameSep=\skip88
\fb@frw=\dimen371
\fb@frh=\dimen372
\FrameRule=\dimen373
\FrameSep=\dimen374
)
\minted@appexistsfile=\read4
\minted@bgbox=\box108
\minted@code=\write7
\c@minted@FancyVerbLineTemp=\count372
\c@minted@pygmentizecounter=\count373
\@float@every@listing=\toks45
\c@listing=\count374
)
runsystem(mkdir -p _minted-manuscript-diff)...disabled (restricted).



./manuscript-diff.tex:34: Package minted Error: You must invoke LaTeX with the 
-shell-escape flag.

See the minted package documentation for explanation.
Type  H <return>  for immediate help.
 ...                                              
                                                  
l.34 \DeclareSIUnit
                   \Td{Td}
Pass the -shell-escape flag to LaTeX. Refer to the minted.sty documentation for
 more information.

(/usr/local/texlive/2022/texmf-dist/tex/generic/ulem/ulem.sty
\UL@box=\box109
\UL@hyphenbox=\box110
\UL@skip=\skip89
\UL@hook=\toks46
\UL@height=\dimen375
\UL@pe=\count375
\UL@pixel=\dimen376
\ULC@box=\box111
Package: ulem 2019/11/18
\ULdepth=\dimen377
)
(/usr/local/texlive/2022/texmf-dist/tex/latex/oberdiek/settobox.sty
Package: settobox 2016/05/16 v1.5 Assign box dimensions to length registers (HO
)
)
(/usr/local/texlive/2022/texmf-dist/tex/latex/letltxmacro/letltxmacro.sty
Package: letltxmacro 2019/12/03 v1.6 Let assignment for LaTeX macros (HO)
)
\DIFdelgraphicsbox=\box112
\DIFdelgraphicswidth=\skip90
\DIFdelgraphicsheight=\skip91
LaTeX Info: Redefining \DIFaddbegin on input line 87.
LaTeX Info: Redefining \DIFaddend on input line 88.
LaTeX Info: Redefining \DIFdelbegin on input line 89.
LaTeX Info: Redefining \DIFdelend on input line 90.
LaTeX Info: Redefining \DIFaddbeginFL on input line 95.
LaTeX Info: Redefining \DIFaddendFL on input line 96.
LaTeX Info: Redefining \DIFdelbeginFL on input line 97.
LaTeX Info: Redefining \DIFdelendFL on input line 98.

(/usr/local/texlive/2022/texmf-dist/tex/latex/listings/listings.sty
\lst@mode=\count376
\lst@gtempboxa=\box113
\lst@token=\toks47
\lst@length=\count377
\lst@currlwidth=\dimen378
\lst@column=\count378
\lst@pos=\count379
\lst@lostspace=\dimen379
\lst@width=\dimen380
\lst@newlines=\count380
\lst@lineno=\count381
\lst@maxwidth=\dimen381

(/usr/local/texlive/2022/texmf-dist/tex/latex/listings/lstmisc.sty
File: lstmisc.sty 2020/03/24 1.8d (Carsten Heinz)
\c@lstnumber=\count382
\lst@skipnumbers=\count383
\lst@framebox=\box114
)
(/usr/local/texlive/2022/texmf-dist/tex/latex/listings/listings.cfg
File: listings.cfg 2020/03/24 1.8d listings configuration
))
Package: listings 2020/03/24 1.8d (Carsten Heinz)
Package translations Info: No language package found. I am going to use `englis
h' as default language. on input line 117.
runsystem(which pygmentize && touch manuscript-diff.aex)...disabled (restricted
).



./manuscript-diff.tex:117: Package minted Error: You must have `pygmentize' ins
talled to use this package.

See the minted package documentation for explanation.
Type  H <return>  for immediate help.
 ...                                              
                                                  
l.117 \begin{document}
                      
Refer to the installation instructions in the minted documentation for more inf
ormation.


Package chemmacros Info: Using float defining method `float'.

\@float@every@scheme=\toks48
\c@scheme=\count384

LaTeX Warning: Unused global option(s):
    [numrefs,noinfo].

(./manuscript-diff.aux)
\openout1 = `manuscript-diff.aux'.

LaTeX Font Info:    Checking defaults for OML/cmm/m/it on input line 117.
LaTeX Font Info:    ... okay on input line 117.
LaTeX Font Info:    Checking defaults for OMS/cmsy/m/n on input line 117.
LaTeX Font Info:    ... okay on input line 117.
LaTeX Font Info:    Checking defaults for OT1/cmr/m/n on input line 117.
LaTeX Font Info:    ... okay on input line 117.
LaTeX Font Info:    Checking defaults for T1/cmr/m/n on input line 117.
LaTeX Font Info:    ... okay on input line 117.
LaTeX Font Info:    Checking defaults for TS1/cmr/m/n on input line 117.
LaTeX Font Info:    ... okay on input line 117.
LaTeX Font Info:    Checking defaults for OMX/cmex/m/n on input line 117.
LaTeX Font Info:    ... okay on input line 117.
LaTeX Font Info:    Checking defaults for U/cmr/m/n on input line 117.
LaTeX Font Info:    ... okay on input line 117.

(/usr/local/texlive/2022/texmf-dist/tex/context/base/mkii/supp-pdf.mkii
[Loading MPS to PDF converter (version 2006.09.02).]
\scratchcounter=\count385
\scratchdimen=\dimen382
\scratchbox=\box115
\nofMPsegments=\count386
\nofMParguments=\count387
\everyMPshowfont=\toks49
\MPscratchCnt=\count388
\MPscratchDim=\dimen383
\MPnumerator=\count389
\makeMPintoPDFobject=\count390
\everyMPtoPDFconversion=\toks50
) (/usr/local/texlive/2022/texmf-dist/tex/latex/epstopdf-pkg/epstopdf-base.sty
Package: epstopdf-base 2020-01-24 v2.11 Base part for package epstopdf
Package epstopdf-base Info: Redefining graphics rule for `.eps' on input line 4
85.

(/usr/local/texlive/2022/texmf-dist/tex/latex/latexconfig/epstopdf-sys.cfg
File: epstopdf-sys.cfg 2010/07/13 v1.3 Configuration of (r)epstopdf for TeX Liv
e
))

Package chemgreek Info: Activating mapping `default' on line 117.


(/usr/local/texlive/2022/texmf-dist/tex/latex/translations/translations-basic-d
ictionary-english.trsl
File: translations-basic-dictionary-english.trsl (english translation file `tra
nslations-basic-dictionary')
)
Package translations Info: loading dictionary `translations-basic-dictionary' f
or `english'. on input line 117.
\c@lstlisting=\count391


Package chemmacros Warning: You haven't loaded any package for upright Greek
(chemmacros)                letters or no unique choice was possible. Either
(chemmacros)                load one of packages specified in the manual or
(chemmacros)                select a chemgreek mapping manually.


(/usr/local/texlive/2022/texmf-dist/tex/latex/elements/elements_names_english.d
ef)
LaTeX Font Info:    Trying to load font information for U+wasy on input line 13
1.
 (/usr/local/texlive/2022/texmf-dist/tex/latex/wasysym/uwasy.fd
File: uwasy.fd 2020/01/19 v2.4 Wasy-2 symbol font definitions
)
LaTeX Font Info:    Trying to load font information for U+lasy on input line 13
1.

(/usr/local/texlive/2022/texmf-dist/tex/latex/base/ulasy.fd
File: ulasy.fd 1998/08/17 v2.2e LaTeX symbol font definitions
)
LaTeX Font Info:    Trying to load font information for U+msa on input line 131
.

(/usr/local/texlive/2022/texmf-dist/tex/latex/amsfonts/umsa.fd
File: umsa.fd 2013/01/14 v3.01 AMS symbols A
)
LaTeX Font Info:    Trying to load font information for U+msb on input line 131
.

(/usr/local/texlive/2022/texmf-dist/tex/latex/amsfonts/umsb.fd
File: umsb.fd 2013/01/14 v3.01 AMS symbols B
)
./manuscript-diff.tex:133: Undefined control sequence.
l.133 \mainmatter
                 
The control sequence at the end of the top line
of your error message was never \def'ed. If you have
misspelled it (e.g., `\hobx'), type `I' and the correct
spelling (e.g., `I\hbox'). Otherwise just continue,
and I'll forget about whatever was undefined.


Overfull \hbox (2.22221pt too wide) has occurred while \output is active
[] 
 []

[1
Non-PDF special ignored!
<special> header=psfrag.pro


{/usr/local/texlive/2022/texmf-var/fonts/map/pdftex/updmap/pdftex.map}]
<figures/chapter-3/ring-examples2.pdf, id=15, 1397.22pt x 1140.26pt>
File: figures/chapter-3/ring-examples2.pdf Graphic file (type pdf)
<use figures/chapter-3/ring-examples2.pdf>
Package pdftex.def Info: figures/chapter-3/ring-examples2.pdf  used on input li
ne 141.
(pdftex.def)             Requested size: 172.5pt x 140.77486pt.

[2 <./figures/chapter-3/ring-examples2.pdf>]
Underfull \hbox (badness 10000) in paragraph at lines 154--154
[]|\OT1/cmr/m/n/5 Application to
 []


Underfull \hbox (badness 10000) in paragraph at lines 154--155
[]|\OT1/cmr/m/n/5 Application to
 []


Underfull \hbox (badness 2875) in paragraph at lines 156--156
\OT1/cmr/m/n/5 of sym-me-try dis-
 []


Underfull \hbox (badness 10000) in paragraph at lines 157--157
[]|\OT1/cmr/m/n/5 A se-quence
 []


Underfull \hbox (badness 2772) in paragraph at lines 157--157
[]|\OT1/cmr/m/n/5 Traverses through
 []


Underfull \hbox (badness 3590) in paragraph at lines 158--158
[]|\OT1/cmr/m/n/5 A path that
 []


Underfull \hbox (badness 10000) in paragraph at lines 158--158
\OT1/cmr/m/n/5 starts and
 []


Underfull \hbox (badness 8132) in paragraph at lines 158--158
\OT1/cmr/m/n/5 ends at the
 []


Underfull \hbox (badness 10000) in paragraph at lines 158--158
\OT1/cmr/m/n/5 same node,
 []


Underfull \hbox (badness 10000) in paragraph at lines 158--158
\OT1/cmr/m/n/5 re-peat any
 []


Underfull \hbox (badness 3128) in paragraph at lines 158--158
[]|\OT1/cmr/m/n/5 Formed by al-ter-
 []


Underfull \hbox (badness 10000) in paragraph at lines 158--158
\OT1/cmr/m/n/5 nat-ing con-nected
 []


Underfull \hbox (badness 3128) in paragraph at lines 158--159
[]|\OT1/cmr/m/n/5 Formed by al-ter-
 []


Underfull \hbox (badness 10000) in paragraph at lines 158--159
\OT1/cmr/m/n/5 nat-ing con-nected
 []


Underfull \hbox (badness 2073) in paragraph at lines 159--159
[]|\OT1/cmr/m/n/5 A cy-cle that
 []


Underfull \hbox (badness 1383) in paragraph at lines 159--159
\OT1/cmr/m/n/5 tain a short-
 []


Underfull \hbox (badness 3333) in paragraph at lines 159--159
\OT1/cmr/m/n/5 nels of a frame-
 []


Underfull \hbox (badness 1552) in paragraph at lines 159--159
[]|\OT1/cmr/m/n/5 Can be de-scribed
 []


Underfull \hbox (badness 10000) in paragraph at lines 159--159
\OT1/cmr/m/n/5 by count-ing the
 []


Underfull \hbox (badness 10000) in paragraph at lines 159--159
\OT1/cmr/m/n/5 num-ber of rings
 []


Underfull \hbox (badness 1552) in paragraph at lines 159--160
[]|\OT1/cmr/m/n/5 Can be de-scribed
 []


Underfull \hbox (badness 10000) in paragraph at lines 159--160
\OT1/cmr/m/n/5 rings that pass
 []


Underfull \hbox (badness 2073) in paragraph at lines 160--160
[]|\OT1/cmr/m/n/5 A cy-cle that
 []


Underfull \hbox (badness 1824) in paragraph at lines 160--160
\OT1/cmr/m/n/5 tain a mod-i-
 []


Underfull \hbox (badness 4429) in paragraph at lines 160--160
[]|\OT1/cmr/m/n/5 A sub-set of the
 []


Underfull \hbox (badness 4316) in paragraph at lines 160--161
[]|\OT1/cmr/m/n/5 Used to de-scribe
 []


Underfull \hbox (badness 7047) in paragraph at lines 161--161
[]|\OT1/cmr/m/n/5 A ring that
 []


Underfull \hbox (badness 2401) in paragraph at lines 161--161
\OT1/cmr/m/n/5 is the short-
 []


Underfull \hbox (badness 10000) in paragraph at lines 161--161
[]|\OT1/cmr/m/n/5 Another sub-set
 []


Underfull \hbox (badness 4316) in paragraph at lines 161--162
[]|\OT1/cmr/m/n/5 Used to de-scribe
 []


Underfull \hbox (badness 10000) in paragraph at lines 162--162
[]|\OT1/cmr/m/n/5 The rings
 []


Underfull \hbox (badness 1259) in paragraph at lines 162--163
[]|\OT1/cmr/m/n/5 Not ap-pli-ca-ble to
 []

./manuscript-diff.tex:167: Extra }, or forgotten \endgroup.
<recently read> }
                 
l.167 }
       
I've deleted a group-closing symbol because it seems to be
spurious, as in `$x}$'. But perhaps the } is legitimate and
you forgot something else, as in `\hbox{$x}'. In such cases
the way to recover is to insert both the forgotten and the
deleted material, e.g., by typing `I$}'.


./manuscript-diff.tex:168: LaTeX Error: Something's wrong--perhaps a missing \i
tem.

See the LaTeX manual or LaTeX Companion for explanation.
Type  H <return>  for immediate help.
 ...                                              
                                                  
l.168 \end{tablenotes}
                      
Try typing  <return>  to proceed.
If that doesn't work, type  X <return>  to quit.

./manuscript-diff.tex:169: Missing } inserted.
<inserted text> 
                }
l.169 \end{threeparttable}
                          
I've inserted something that you may have forgotten.
(See the <inserted text> above.)
With luck, this will get me unwedged. But if you
really didn't forget anything, try typing `2' now; then
my insertion and my current dilemma will both disappear.


Overfull \hbox (2.00085pt too wide) in paragraph at lines 150--170
[] 
 []

[3]
<figures/chapter-3/cha-vertex.pdf, id=31, 3060.43375pt x 1610.015pt>
File: figures/chapter-3/cha-vertex.pdf Graphic file (type pdf)
<use figures/chapter-3/cha-vertex.pdf>
Package pdftex.def Info: figures/chapter-3/cha-vertex.pdf  used on input line 1
81.
(pdftex.def)             Requested size: 345.0pt x 181.47508pt.
 [4 <./figures/chapter-3/cha-vertex.pdf>]
<figures/chapter-3/afi-14-and-modified.pdf, id=73, 724.7075pt x 287.0725pt>
File: figures/chapter-3/afi-14-and-modified.pdf Graphic file (type pdf)
<use figures/chapter-3/afi-14-and-modified.pdf>
Package pdftex.def Info: figures/chapter-3/afi-14-and-modified.pdf  used on inp
ut line 191.
(pdftex.def)             Requested size: 345.0pt x 136.66309pt.
<figures/chapter-3/ton-6-10.pdf, id=74, 1178.4025pt x 1253.68375pt>
File: figures/chapter-3/ton-6-10.pdf Graphic file (type pdf)
<use figures/chapter-3/ton-6-10.pdf>
Package pdftex.def Info: figures/chapter-3/ton-6-10.pdf  used on input line 203
.
(pdftex.def)             Requested size: 172.5pt x 183.51071pt.

./manuscript-diff.tex:209: Too many }'s.
l.209 ...used rings illustrated in \cref{fig:3.3}}
                                                  b. We propose a modificati...
You've closed more groups than you opened.
Such booboos are generally harmless, so keep going.

[5 <./figures/chapter-3/afi-14-and-modified.pdf>] [6 <./figures/chapter-3/ton-6
-10.pdf>]
<figures/chapter-3/goetzke.pdf, id=123, 295.1025pt x 331.2375pt>
File: figures/chapter-3/goetzke.pdf Graphic file (type pdf)
<use figures/chapter-3/goetzke.pdf>
Package pdftex.def Info: figures/chapter-3/goetzke.pdf  used on input line 224.

(pdftex.def)             Requested size: 172.5pt x 193.62404pt.
 [7 <./figures/chapter-3/goetzke.pdf>] [8]
LaTeX Font Info:    Trying to load font information for OML+cmr on input line 2
74.

(/usr/local/texlive/2022/texmf-dist/tex/latex/base/omlcmr.fd
File: omlcmr.fd 2019/12/16 v2.5j Standard LaTeX font definitions
)
LaTeX Font Info:    Font shape `OML/cmr/m/n' in size <10> not available
(Font)              Font shape `OML/cmm/m/it' tried instead on input line 274.
<figures/chapter-3/rings-vs-iza-rings.pdf, id=143, 433.62pt x 289.08pt>
File: figures/chapter-3/rings-vs-iza-rings.pdf Graphic file (type pdf)
<use figures/chapter-3/rings-vs-iza-rings.pdf>
Package pdftex.def Info: figures/chapter-3/rings-vs-iza-rings.pdf  used on inpu
t line 279.
(pdftex.def)             Requested size: 345.0pt x 230.01158pt.
<figures/chapter-3/cha-all-rings.pdf, id=144, 2336.73pt x 1719.42375pt>
File: figures/chapter-3/cha-all-rings.pdf Graphic file (type pdf)
<use figures/chapter-3/cha-all-rings.pdf>
Package pdftex.def Info: figures/chapter-3/cha-all-rings.pdf  used on input lin
e 289.
(pdftex.def)             Requested size: 345.0pt x 253.83582pt.
 [9] [10 <./figures/chapter-3/rings-vs-iza-rings.pdf>]
<figures/chapter-3/afi-14.pdf, id=197, 1685.29625pt x 1056.94875pt>
File: figures/chapter-3/afi-14.pdf Graphic file (type pdf)
<use figures/chapter-3/afi-14.pdf>
Package pdftex.def Info: figures/chapter-3/afi-14.pdf  used on input line 299.
(pdftex.def)             Requested size: 345.0pt x 216.36946pt.
 [11 <./figures/chapter-3/cha-all-rings.pdf>]
<figures/chapter-3/ring-counts-2.pdf, id=230, 433.62pt x 289.08pt>
File: figures/chapter-3/ring-counts-2.pdf Graphic file (type pdf)
<use figures/chapter-3/ring-counts-2.pdf>
Package pdftex.def Info: figures/chapter-3/ring-counts-2.pdf  used on input lin
e 311.
(pdftex.def)             Requested size: 345.0pt x 230.01158pt.
 [12 <./figures/chapter-3/afi-14.pdf>] [13 <./figures/chapter-3/ring-counts-2.p
df>]
<figures/chapter-3/MFI-6MC.pdf, id=314, 776.9025pt x 187.70125pt>
File: figures/chapter-3/MFI-6MC.pdf Graphic file (type pdf)
<use figures/chapter-3/MFI-6MC.pdf>
Package pdftex.def Info: figures/chapter-3/MFI-6MC.pdf  used on input line 321.

(pdftex.def)             Requested size: 345.0pt x 83.35352pt.
<figures/chapter-3/afi-funnel.pdf, id=315, 859.21pt x 487.8225pt>
File: figures/chapter-3/afi-funnel.pdf Graphic file (type pdf)
<use figures/chapter-3/afi-funnel.pdf>
Package pdftex.def Info: figures/chapter-3/afi-funnel.pdf  used on input line 3
42.
(pdftex.def)             Requested size: 345.0pt x 195.87733pt.
 [14 <./figures/chapter-3/MFI-6MC.pdf>]
./manuscript-diff.tex:375: Extra }, or forgotten \endgroup.
l.375 }
       
I've deleted a group-closing symbol because it seems to be
spurious, as in `$x}$'. But perhaps the } is legitimate and
you forgot something else, as in `\hbox{$x}'. In such cases
the way to recover is to insert both the forgotten and the
deleted material, e.g., by typing `I$}'.


./manuscript-diff.tex:376: LaTeX Error: Something's wrong--perhaps a missing \i
tem.

See the LaTeX manual or LaTeX Companion for explanation.
Type  H <return>  for immediate help.
 ...                                              
                                                  
l.376 \end{tablenotes}
                      
Try typing  <return>  to proceed.
If that doesn't work, type  X <return>  to quit.

./manuscript-diff.tex:377: Missing } inserted.
<inserted text> 
                }
l.377 \end{threeparttable}
                          
I've inserted something that you may have forgotten.
(See the <inserted text> above.)
With luck, this will get me unwedged. But if you
really didn't forget anything, try typing `2' now; then
my insertion and my current dilemma will both disappear.


Overfull \hbox (20.42262pt too wide) in paragraph at lines 352--378
 [] 
 []

[15 <./figures/chapter-3/afi-funnel.pdf>]
./manuscript-diff.tex:401: Extra }, or forgotten \endgroup.
l.401 }
       
I've deleted a group-closing symbol because it seems to be
spurious, as in `$x}$'. But perhaps the } is legitimate and
you forgot something else, as in `\hbox{$x}'. In such cases
the way to recover is to insert both the forgotten and the
deleted material, e.g., by typing `I$}'.


./manuscript-diff.tex:402: LaTeX Error: Something's wrong--perhaps a missing \i
tem.

See the LaTeX manual or LaTeX Companion for explanation.
Type  H <return>  for immediate help.
 ...                                              
                                                  
l.402 \end{tablenotes}
                      
Try typing  <return>  to proceed.
If that doesn't work, type  X <return>  to quit.

./manuscript-diff.tex:403: Missing } inserted.
<inserted text> 
                }
l.403 \end{threeparttable}
                          
I've inserted something that you may have forgotten.
(See the <inserted text> above.)
With luck, this will get me unwedged. But if you
really didn't forget anything, try typing `2' now; then
my insertion and my current dilemma will both disappear.

<figures/chapter-3/moz.pdf, id=381, 513.92pt x 338.26375pt>
File: figures/chapter-3/moz.pdf Graphic file (type pdf)
<use figures/chapter-3/moz.pdf>
Package pdftex.def Info: figures/chapter-3/moz.pdf  used on input line 411.
(pdftex.def)             Requested size: 345.0pt x 227.08456pt.
<figures/chapter-3/unique-ts.pdf, id=382, 433.62pt x 289.08pt>
File: figures/chapter-3/unique-ts.pdf Graphic file (type pdf)
<use figures/chapter-3/unique-ts.pdf>
Package pdftex.def Info: figures/chapter-3/unique-ts.pdf  used on input line 42
1.
(pdftex.def)             Requested size: 345.0pt x 230.01158pt.
<figures/chapter-3/dist-cumudist.pdf, id=383, 722.7pt x 289.08pt>
File: figures/chapter-3/dist-cumudist.pdf Graphic file (type pdf)
<use figures/chapter-3/dist-cumudist.pdf>
Package pdftex.def Info: figures/chapter-3/dist-cumudist.pdf  used on input lin
e 431.
(pdftex.def)             Requested size: 345.0pt x 137.99812pt.
[16] [17 <./figures/chapter-3/moz.pdf>] [18 <./figures/chapter-3/unique-ts.pdf>
 <./figures/chapter-3/dist-cumudist.pdf

pdfTeX warning: pdflatex (file ./figures/chapter-3/dist-cumudist.pdf): PDF incl
usion: multiple pdfs with page group included in a single page
>]
<figures/chapter-3/similarity-heat-map.pdf, id=528, 433.62pt x 289.08pt>
File: figures/chapter-3/similarity-heat-map.pdf Graphic file (type pdf)
<use figures/chapter-3/similarity-heat-map.pdf>
Package pdftex.def Info: figures/chapter-3/similarity-heat-map.pdf  used on inp
ut line 445.
(pdftex.def)             Requested size: 345.0pt x 230.01158pt.
 [19 <./figures/chapter-3/similarity-heat-map.pdf>]
<figures/chapter-3/stereo.pdf, id=591, 3312.375pt x 2474.24374pt>
File: figures/chapter-3/stereo.pdf Graphic file (type pdf)
<use figures/chapter-3/stereo.pdf>
Package pdftex.def Info: figures/chapter-3/stereo.pdf  used on input line 455.
(pdftex.def)             Requested size: 345.0pt x 257.67017pt.

./manuscript-diff.tex:456: Undefined control sequence.
<argument> .... The 4-MR for MON, and the 2\timex 
                                                  5-MRs for MOR and EON are ...
l.456 ...and not easily shown. \label{fig:stereo}}
                                                  
The control sequence at the end of the top line
of your error message was never \def'ed. If you have
misspelled it (e.g., `\hobx'), type `I' and the correct
spelling (e.g., `I\hbox'). Otherwise just continue,
and I'll forget about whatever was undefined.

./manuscript-diff.tex:456: Undefined control sequence.
<argument> .... The 4-MR for MON, and the 2\timex 
                                                  5-MRs for MOR and EON are ...
l.456 ...and not easily shown. \label{fig:stereo}}
                                                  
The control sequence at the end of the top line
of your error message was never \def'ed. If you have
misspelled it (e.g., `\hobx'), type `I' and the correct
spelling (e.g., `I\hbox'). Otherwise just continue,
and I'll forget about whatever was undefined.

./manuscript-diff.tex:456: Undefined control sequence.
<argument> .... The 4-MR for MON, and the 2\timex 
                                                  5-MRs for MOR and EON are ...
l.456 ...and not easily shown. \label{fig:stereo}}
                                                  
The control sequence at the end of the top line
of your error message was never \def'ed. If you have
misspelled it (e.g., `\hobx'), type `I' and the correct
spelling (e.g., `I\hbox'). Otherwise just continue,
and I'll forget about whatever was undefined.

./manuscript-diff.tex:502: Extra }, or forgotten \endgroup.
<recently read> }
                 
l.502 }
       
I've deleted a group-closing symbol because it seems to be
spurious, as in `$x}$'. But perhaps the } is legitimate and
you forgot something else, as in `\hbox{$x}'. In such cases
the way to recover is to insert both the forgotten and the
deleted material, e.g., by typing `I$}'.


./manuscript-diff.tex:503: LaTeX Error: Something's wrong--perhaps a missing \i
tem.

See the LaTeX manual or LaTeX Companion for explanation.
Type  H <return>  for immediate help.
 ...                                              
                                                  
l.503 \end{tablenotes}
                      
Try typing  <return>  to proceed.
If that doesn't work, type  X <return>  to quit.

./manuscript-diff.tex:504: Missing } inserted.
<inserted text> 
                }
l.504 \end{threeparttable}
                          
I've inserted something that you may have forgotten.
(See the <inserted text> above.)
With luck, this will get me unwedged. But if you
really didn't forget anything, try typing `2' now; then
my insertion and my current dilemma will both disappear.

[20] [21 <./figures/chapter-3/stereo.pdf>]
./manuscript-diff.tex:521: Undefined control sequence.
l.521 \backmatter
                 
The control sequence at the end of the top line
of your error message was never \def'ed. If you have
misspelled it (e.g., `\hobx'), type `I' and the correct
spelling (e.g., `I\hbox'). Otherwise just continue,
and I'll forget about whatever was undefined.

[22] (./manuscript-diff.bbl
Underfull \hbox (badness 1521) in paragraph at lines 36--45
[]\OT1/cmr/m/n/10 S. Li, H. Li, R. Gounder, A. De-bel-lis, I. B. M^^?uller, S. 
Prasad,
 []


Underfull \hbox (badness 10000) in paragraph at lines 47--55
\OT1/cmr/m/n/10 URL $\OT1/cmtt/m/n/10 https : / / linkinghub . elsevier . com /
 retrieve / pii /
 []

[23]
Underfull \hbox (badness 10000) in paragraph at lines 66--73
\OT1/cmr/m/n/10 URL $\OT1/cmtt/m/n/10 https : / / linkinghub . elsevier . com /
 retrieve / pii /
 []


Underfull \hbox (badness 1117) in paragraph at lines 75--83
[]\OT1/cmr/m/n/10 K. Goet-zke, H.-J. Klein, Prop-er-ties and ef-fi-cient al-go-
rith-mic de-ter-
 []


Underfull \hbox (badness 10000) in paragraph at lines 75--83
\OT1/cmr/m/n/10 URL $\OT1/cmtt/m/n/10 https : / / linkinghub . elsevier . com /
 retrieve / pii /
 []


Underfull \hbox (badness 10000) in paragraph at lines 85--92
[]\OT1/cmr/m/n/10 D. S. Franzblau, Com-pu-ta-tion of ring statis-tics for net-w
ork
 []


Underfull \hbox (badness 3623) in paragraph at lines 85--92
\OT1/cmr/m/n/10 mod-els of solids, Phys-i-cal Re-view B 44 (10) (1991) 4925--49
30.
 []


Underfull \hbox (badness 10000) in paragraph at lines 94--101
\OT1/cmr/m/n/10 URL $\OT1/cmtt/m/n/10 https : / / linkinghub . elsevier . com /
 retrieve / pii /
 []


Underfull \hbox (badness 1874) in paragraph at lines 112--120
[]\OT1/cmr/m/n/10 S. Le Roux, P. Jund, Ring statis-tics anal-y-sis of topo-log-
i-cal net-
 []


Underfull \hbox (badness 3635) in paragraph at lines 112--120
\OT1/cmr/m/n/10 works: New ap-proach and ap-pli-ca-tion to amor-phous GeS2 and
 []


Underfull \hbox (badness 10000) in paragraph at lines 112--120
\OT1/cmr/m/n/10 URL $\OT1/cmtt/m/n/10 https : / / linkinghub . elsevier . com /
 retrieve / pii /
 []


Underfull \hbox (badness 10000) in paragraph at lines 122--130
\OT1/cmr/m/n/10 URL $\OT1/cmtt/m/n/10 https : / / linkinghub . elsevier . com /
 retrieve / pii /
 []

[24]
Underfull \hbox (badness 10000) in paragraph at lines 150--156
\OT1/cmr/m/n/10 URL $\OT1/cmtt/m/n/10 https : / / linkinghub . elsevier . com /
 retrieve / pii /
 []


Underfull \hbox (badness 10000) in paragraph at lines 168--173
[]\OT1/cmr/m/n/10 J. Crum, jtcrum/zse: ZSE Sta-ble Ver-sion (Sep. 2022).
 []


Underfull \hbox (badness 10000) in paragraph at lines 175--188
\OT1/cmr/m/n/10 URL $\OT1/cmtt/m/n/10 http : / / stacks . iop . org / 0953-[]89
84 / 29 / i = 27 / a = 273002 ? key =
 []


Underfull \hbox (badness 8075) in paragraph at lines 195--202
[]\OT1/cmr/m/n/10 J. D^^Tede^^Tcek, Z. Sobal^^S^^Pk, B. Wichterlov^^Sa, Sit-ing
 and dis-tri-bu-
 []


Underfull \hbox (badness 5446) in paragraph at lines 195--202
\OT1/cmr/m/n/10 tion of frame-work alu-minium atoms in silicon-rich ze-o-lites 
and
 []


Underfull \hbox (badness 5954) in paragraph at lines 195--202
\OT1/cmr/m/n/10 im-pact on catal-y-sis, Catal-y-sis Re-views 54 (2) (2012) 135-
-223.
 []


Underfull \hbox (badness 4193) in paragraph at lines 204--213
[]\OT1/cmr/m/n/10 M. Bernauer, E. Ta-bor, V. Pashkova, D. Kauck^^Sy, Z. Sobal^^
S^^Pk,
 []


Underfull \hbox (badness 10000) in paragraph at lines 204--213
\OT1/cmr/m/n/10 URL $\OT1/cmtt/m/n/10 https : / / linkinghub . elsevier . com /
 retrieve / pii /
 []

[25]) [26] (./manuscript-diff.aux) ) 
Here is how much of TeX's memory you used:
 33501 strings out of 478268
 757518 string characters out of 5846347
 1024093 words of memory out of 5000000
 51134 multiletter control sequences out of 15000+600000
 483165 words of font info for 82 fonts, out of 8000000 for 9000
 1141 hyphenation exceptions out of 8191
 98i,15n,103p,2372b,524s stack positions out of 10000i,1000n,20000p,200000b,200000s
{/usr/local/texlive/2022/texmf-dist/fonts/e
nc/dvips/cm-super/cm-super-ts1.enc}</usr/local/texlive/2022/texmf-dist/fonts/ty
pe1/public/amsfonts/cm/cmbx10.pfb></usr/local/texlive/2022/texmf-dist/fonts/typ
e1/public/amsfonts/cm/cmmi10.pfb></usr/local/texlive/2022/texmf-dist/fonts/type
1/public/amsfonts/cm/cmmi8.pfb></usr/local/texlive/2022/texmf-dist/fonts/type1/
public/amsfonts/cm/cmr10.pfb></usr/local/texlive/2022/texmf-dist/fonts/type1/pu
blic/amsfonts/cm/cmr12.pfb></usr/local/texlive/2022/texmf-dist/fonts/type1/publ
ic/amsfonts/cm/cmr5.pfb></usr/local/texlive/2022/texmf-dist/fonts/type1/public/
amsfonts/cm/cmr7.pfb></usr/local/texlive/2022/texmf-dist/fonts/type1/public/ams
fonts/cm/cmr8.pfb></usr/local/texlive/2022/texmf-dist/fonts/type1/public/amsfon
ts/cm/cmsy10.pfb></usr/local/texlive/2022/texmf-dist/fonts/type1/public/amsfont
s/cm/cmsy7.pfb></usr/local/texlive/2022/texmf-dist/fonts/type1/public/amsfonts/
cm/cmti10.pfb></usr/local/texlive/2022/texmf-dist/fonts/type1/public/amsfonts/c
m/cmti7.pfb></usr/local/texlive/2022/texmf-dist/fonts/type1/public/amsfonts/cm/
cmti8.pfb></usr/local/texlive/2022/texmf-dist/fonts/type1/public/amsfonts/cm/cm
tt10.pfb></usr/local/texlive/2022/texmf-dist/fonts/type1/public/cm-super/sfrm08
00.pfb></usr/local/texlive/2022/texmf-dist/fonts/type1/public/cm-super/sfrm1000
.pfb>
Output written on manuscript-diff.pdf (26 pages, 5322346 bytes).
PDF statistics:
 744 PDF objects out of 1000 (max. 8388607)
 294 compressed objects within 3 object streams
 0 named destinations out of 1000 (max. 500000)
 93 words of extra memory for PDF output out of 10000 (max. 10000000)

